C:\Users\havl\.jdks\openjdk-22.0.2\bin\java.exe -Dmaven.multiModuleProjectDirectory=D:\github\sber-practice-test-java -Djansi.passthrough=true "-Dmaven.home=C:\Program Files\JetBrains\IntelliJ IDEA Community Edition 2024.2.1\plugins\maven\lib\maven3" "-Dclassworlds.conf=C:\Program Files\JetBrains\IntelliJ IDEA Community Edition 2024.2.1\plugins\maven\lib\maven3\bin\m2.conf" "-Dmaven.ext.class.path=C:\Program Files\JetBrains\IntelliJ IDEA Community Edition 2024.2.1\plugins\maven\lib\maven-event-listener.jar" "-javaagent:C:\Program Files\JetBrains\IntelliJ IDEA Community Edition 2024.2.1\lib\idea_rt.jar=49627:C:\Program Files\JetBrains\IntelliJ IDEA Community Edition 2024.2.1\bin" -Dfile.encoding=UTF-8 -Dsun.stdout.encoding=UTF-8 -Dsun.stderr.encoding=UTF-8 -classpath "C:\Program Files\JetBrains\IntelliJ IDEA Community Edition 2024.2.1\plugins\maven\lib\maven3\boot\plexus-classworlds-2.8.0.jar;C:\Program Files\JetBrains\IntelliJ IDEA Community Edition 2024.2.1\plugins\maven\lib\maven3\boot\plexus-classworlds.license" org.codehaus.classworlds.Launcher -Didea.version=2024.3.2.2 clean install
[INFO] Scanning for projects...
[INFO]
[INFO] --------------------------< com.ryuukun:test >--------------------------
[INFO] Building test 1.0-SNAPSHOT
[INFO]   from pom.xml
[INFO] --------------------------------[ jar ]---------------------------------
[INFO]
[INFO] --- clean:3.2.0:clean (default-clean) @ test ---
[INFO] Deleting D:\github\sber-practice-test-java\target
[INFO]
[INFO] --- resources:3.3.1:resources (default-resources) @ test ---
[INFO] Copying 1 resource from src\main\resources to target\classes
[INFO]
[INFO] --- compiler:3.13.0:compile (default-compile) @ test ---
[INFO] Recompiling the module because of changed source code.
[INFO] Compiling 2 source files with javac [debug target 21] to target\classes
[WARNING] location of system modules is not set in conjunction with -source 21
  not setting the location of system modules may lead to class files that cannot run on JDK 21
    --release 21 is recommended instead of -source 21 -target 21 because it sets the location of system modules automatically
[INFO]
[INFO] --- resources:3.3.1:testResources (default-testResources) @ test ---
[INFO] skip non existing resourceDirectory D:\github\sber-practice-test-java\src\test\resources
[INFO]
[INFO] --- compiler:3.13.0:testCompile (default-testCompile) @ test ---
[INFO] Recompiling the module because of changed dependency.
[INFO] Compiling 1 source file with javac [debug target 21] to target\test-classes
[WARNING] location of system modules is not set in conjunction with -source 21
  not setting the location of system modules may lead to class files that cannot run on JDK 21
    --release 21 is recommended instead of -source 21 -target 21 because it sets the location of system modules automatically
[INFO]
[INFO] --- surefire:3.2.5:test (default-test) @ test ---
[INFO] Using auto detected provider org.apache.maven.surefire.junit4.JUnit4Provider
[INFO]
[INFO] -------------------------------------------------------
[INFO]  T E S T S
[INFO] -------------------------------------------------------
[INFO] Running SorterTest
[INFO] Tests run: 4, Failures: 0, Errors: 0, Skipped: 0, Time elapsed: 0.047 s -- in SorterTest
[INFO]
[INFO] Results:
[INFO]
[INFO] Tests run: 4, Failures: 0, Errors: 0, Skipped: 0
[INFO]
[INFO]
[INFO] --- jar:3.4.1:jar (default-jar) @ test ---
[INFO] Building jar: D:\github\sber-practice-test-java\target\test-1.0-SNAPSHOT.jar
[INFO]
[INFO] --- install:3.1.2:install (default-install) @ test ---
[INFO] Installing D:\github\sber-practice-test-java\pom.xml to C:\Users\havl\.m2\repository\com\ryuukun\test\1.0-SNAPSHOT\test-1.0-SNAPSHOT.pom
[INFO] Installing D:\github\sber-practice-test-java\target\test-1.0-SNAPSHOT.jar to C:\Users\havl\.m2\repository\com\ryuukun\test\1.0-SNAPSHOT\test-1.0-SNAPSHOT.jar
[INFO] ------------------------------------------------------------------------
[INFO] BUILD SUCCESS
[INFO] ------------------------------------------------------------------------
[INFO] Total time:  1.963 s
[INFO] Finished at: 2025-03-11T18:20:59+03:00
[INFO] ------------------------------------------------------------------------

Process finished with exit code 0